<?xml version="1.0" encoding="UTF-8"?>
<testng-results skipped="0" failed="0" total="1" passed="1">
  <reporter-output>
  </reporter-output>
  <suite name="Default suite" duration-ms="13645" started-at="2021-02-18T18:58:06Z" finished-at="2021-02-18T18:58:19Z">
    <groups>
    </groups>
    <test name="Default test" duration-ms="13645" started-at="2021-02-18T18:58:06Z" finished-at="2021-02-18T18:58:19Z">
      <class name="AllTests.hover">
        <test-method status="PASS" signature="initialize()[pri:0, instance:AllTests.hover@1134affc]" name="initialize" is-config="true" duration-ms="6907" started-at="2021-02-19T00:28:06Z" finished-at="2021-02-19T00:28:12Z">
          <reporter-output>
          </reporter-output>
        </test-method> <!-- initialize -->
        <test-method status="PASS" signature="runTest()[pri:0, instance:AllTests.hover@1134affc]" name="runTest" duration-ms="6366" started-at="2021-02-19T00:28:12Z" finished-at="2021-02-19T00:28:19Z">
          <reporter-output>
          </reporter-output>
        </test-method> <!-- runTest -->
        <test-method status="PASS" signature="tearDown()[pri:0, instance:AllTests.hover@1134affc]" name="tearDown" is-config="true" duration-ms="363" started-at="2021-02-19T00:28:19Z" finished-at="2021-02-19T00:28:19Z">
          <reporter-output>
          </reporter-output>
        </test-method> <!-- tearDown -->
      </class> <!-- AllTests.hover -->
    </test> <!-- Default test -->
  </suite> <!-- Default suite -->
</testng-results>
