<?xml version="1.0" encoding="UTF-8"?>
<testng-results skipped="0" failed="0" total="1" passed="1">
  <reporter-output>
  </reporter-output>
  <suite name="Default suite" duration-ms="14896" started-at="2021-02-22T17:18:26Z" finished-at="2021-02-22T17:18:41Z">
    <groups>
    </groups>
    <test name="Default test" duration-ms="14896" started-at="2021-02-22T17:18:26Z" finished-at="2021-02-22T17:18:41Z">
      <class name="AllTests.redirectLink">
        <test-method status="PASS" signature="initialize()[pri:0, instance:AllTests.redirectLink@4c203ea1]" name="initialize" is-config="true" duration-ms="6165" started-at="2021-02-22T22:48:26Z" finished-at="2021-02-22T22:48:32Z">
          <reporter-output>
          </reporter-output>
        </test-method> <!-- initialize -->
        <test-method status="PASS" signature="runTest()[pri:0, instance:AllTests.redirectLink@4c203ea1]" name="runTest" duration-ms="7704" started-at="2021-02-22T22:48:32Z" finished-at="2021-02-22T22:48:40Z">
          <reporter-output>
          </reporter-output>
        </test-method> <!-- runTest -->
        <test-method status="PASS" signature="tearDown()[pri:0, instance:AllTests.redirectLink@4c203ea1]" name="tearDown" is-config="true" duration-ms="1017" started-at="2021-02-22T22:48:40Z" finished-at="2021-02-22T22:48:41Z">
          <reporter-output>
          </reporter-output>
        </test-method> <!-- tearDown -->
      </class> <!-- AllTests.redirectLink -->
    </test> <!-- Default test -->
  </suite> <!-- Default suite -->
</testng-results>
